2022-06-28 13:57:32,190 [myid:] - INFO  [main:QuorumPeerConfig@174] - Reading configuration from: /home/voltorane/Documents/University/Seminar/sys-micro-fractos-mock/zookeeper/zookeeper2/bin/../conf/zoo.cfg
2022-06-28 13:57:32,193 [myid:] - INFO  [main:QuorumPeerConfig@444] - clientPortAddress is 0.0.0.0:2185
2022-06-28 13:57:32,193 [myid:] - INFO  [main:QuorumPeerConfig@448] - secureClientPort is not set
2022-06-28 13:57:32,193 [myid:] - INFO  [main:QuorumPeerConfig@464] - observerMasterPort is not set
2022-06-28 13:57:32,193 [myid:] - INFO  [main:QuorumPeerConfig@481] - metricsProvider.className is org.apache.zookeeper.metrics.impl.DefaultMetricsProvider
2022-06-28 13:57:32,199 [myid:2] - INFO  [main:DatadirCleanupManager@78] - autopurge.snapRetainCount set to 3
2022-06-28 13:57:32,199 [myid:2] - INFO  [main:DatadirCleanupManager@79] - autopurge.purgeInterval set to 0
2022-06-28 13:57:32,199 [myid:2] - INFO  [main:DatadirCleanupManager@101] - Purge task is not scheduled.
2022-06-28 13:57:32,199 [myid:2] - INFO  [main:ManagedUtil@46] - Log4j 1.2 jmx support not found; jmx disabled.
2022-06-28 13:57:32,199 [myid:2] - INFO  [main:QuorumPeerMain@152] - Starting quorum peer, myid=2
2022-06-28 13:57:32,206 [myid:2] - INFO  [main:ServerMetrics@62] - ServerMetrics initialized with provider org.apache.zookeeper.metrics.impl.DefaultMetricsProvider@525b461a
2022-06-28 13:57:32,208 [myid:2] - INFO  [main:DigestAuthenticationProvider@47] - ACL digest algorithm is: SHA1
2022-06-28 13:57:32,208 [myid:2] - INFO  [main:DigestAuthenticationProvider@61] - zookeeper.DigestAuthenticationProvider.enabled = true
2022-06-28 13:57:32,212 [myid:2] - INFO  [main:ServerCnxnFactory@169] - Using org.apache.zookeeper.server.NIOServerCnxnFactory as server connection factory
2022-06-28 13:57:32,213 [myid:2] - WARN  [main:ServerCnxnFactory@309] - maxCnxns is not configured, using default value 0.
2022-06-28 13:57:32,214 [myid:2] - INFO  [main:NIOServerCnxnFactory@652] - Configuring NIO connection handler with 10s sessionless connection timeout, 2 selector thread(s), 16 worker threads, and 64 kB direct buffers.
2022-06-28 13:57:32,218 [myid:2] - INFO  [main:NIOServerCnxnFactory@660] - binding to port 0.0.0.0/0.0.0.0:2185
2022-06-28 13:57:32,222 [myid:2] - INFO  [main:QuorumPeer@797] - zookeeper.quorumCnxnTimeoutMs=-1
2022-06-28 13:57:32,236 [myid:2] - INFO  [main:Log@170] - Logging initialized @323ms to org.eclipse.jetty.util.log.Slf4jLog
2022-06-28 13:57:32,276 [myid:2] - WARN  [main:ContextHandler@1656] - o.e.j.s.ServletContextHandler@692f203f{/,null,STOPPED} contextPath ends with /*
2022-06-28 13:57:32,276 [myid:2] - WARN  [main:ContextHandler@1667] - Empty contextPath
2022-06-28 13:57:32,288 [myid:2] - INFO  [main:X509Util@77] - Setting -D jdk.tls.rejectClientInitiatedRenegotiation=true to disable client-initiated TLS renegotiation
2022-06-28 13:57:32,289 [myid:2] - INFO  [main:FileTxnSnapLog@124] - zookeeper.snapshot.trust.empty : false
2022-06-28 13:57:32,291 [myid:2] - INFO  [main:QuorumPeer@1747] - Local sessions disabled
2022-06-28 13:57:32,291 [myid:2] - INFO  [main:QuorumPeer@1758] - Local session upgrading disabled
2022-06-28 13:57:32,291 [myid:2] - INFO  [main:QuorumPeer@1725] - tickTime set to 2000
2022-06-28 13:57:32,291 [myid:2] - INFO  [main:QuorumPeer@1769] - minSessionTimeout set to 4000
2022-06-28 13:57:32,291 [myid:2] - INFO  [main:QuorumPeer@1780] - maxSessionTimeout set to 40000
2022-06-28 13:57:32,291 [myid:2] - INFO  [main:QuorumPeer@1805] - initLimit set to 10
2022-06-28 13:57:32,292 [myid:2] - INFO  [main:QuorumPeer@1992] - syncLimit set to 5
2022-06-28 13:57:32,292 [myid:2] - INFO  [main:QuorumPeer@2007] - connectToLearnerMasterLimit set to 0
2022-06-28 13:57:32,298 [myid:2] - INFO  [main:ZookeeperBanner@42] - 
2022-06-28 13:57:32,298 [myid:2] - INFO  [main:ZookeeperBanner@42] -   ______                  _                                          
2022-06-28 13:57:32,298 [myid:2] - INFO  [main:ZookeeperBanner@42] -  |___  /                 | |                                         
2022-06-28 13:57:32,298 [myid:2] - INFO  [main:ZookeeperBanner@42] -     / /    ___     ___   | | __   ___    ___   _ __     ___   _ __   
2022-06-28 13:57:32,298 [myid:2] - INFO  [main:ZookeeperBanner@42] -    / /    / _ \   / _ \  | |/ /  / _ \  / _ \ | '_ \   / _ \ | '__|
2022-06-28 13:57:32,298 [myid:2] - INFO  [main:ZookeeperBanner@42] -   / /__  | (_) | | (_) | |   <  |  __/ |  __/ | |_) | |  __/ | |    
2022-06-28 13:57:32,298 [myid:2] - INFO  [main:ZookeeperBanner@42] -  /_____|  \___/   \___/  |_|\_\  \___|  \___| | .__/   \___| |_|
2022-06-28 13:57:32,298 [myid:2] - INFO  [main:ZookeeperBanner@42] -                                               | |                     
2022-06-28 13:57:32,298 [myid:2] - INFO  [main:ZookeeperBanner@42] -                                               |_|                     
2022-06-28 13:57:32,298 [myid:2] - INFO  [main:ZookeeperBanner@42] - 
2022-06-28 13:57:32,299 [myid:2] - INFO  [main:Environment@98] - Server environment:zookeeper.version=3.7.1-a2fb57c55f8e59cdd76c34b357ad5181df1258d5, built on 2022-05-07 06:45 UTC
2022-06-28 13:57:32,299 [myid:2] - INFO  [main:Environment@98] - Server environment:host.name=Admin
2022-06-28 13:57:32,299 [myid:2] - INFO  [main:Environment@98] - Server environment:java.version=17.0.3
2022-06-28 13:57:32,299 [myid:2] - INFO  [main:Environment@98] - Server environment:java.vendor=Private Build
2022-06-28 13:57:32,299 [myid:2] - INFO  [main:Environment@98] - Server environment:java.home=/usr/lib/jvm/java-17-openjdk-amd64
2022-06-28 13:57:32,300 [myid:2] - INFO  [main:Environment@98] - Server environment:java.class.path=/home/voltorane/Documents/University/Seminar/sys-micro-fractos-mock/zookeeper/zookeeper2/bin/../zookeeper-server/target/classes:/home/voltorane/Documents/University/Seminar/sys-micro-fractos-mock/zookeeper/zookeeper2/bin/../build/classes:/home/voltorane/Documents/University/Seminar/sys-micro-fractos-mock/zookeeper/zookeeper2/bin/../zookeeper-server/target/lib/*.jar:/home/voltorane/Documents/University/Seminar/sys-micro-fractos-mock/zookeeper/zookeeper2/bin/../build/lib/*.jar:/home/voltorane/Documents/University/Seminar/sys-micro-fractos-mock/zookeeper/zookeeper2/bin/../lib/zookeeper-prometheus-metrics-3.7.1.jar:/home/voltorane/Documents/University/Seminar/sys-micro-fractos-mock/zookeeper/zookeeper2/bin/../lib/zookeeper-jute-3.7.1.jar:/home/voltorane/Documents/University/Seminar/sys-micro-fractos-mock/zookeeper/zookeeper2/bin/../lib/zookeeper-3.7.1.jar:/home/voltorane/Documents/University/Seminar/sys-micro-fractos-mock/zookeeper/zookeeper2/bin/../lib/snappy-java-1.1.7.7.jar:/home/voltorane/Documents/University/Seminar/sys-micro-fractos-mock/zookeeper/zookeeper2/bin/../lib/slf4j-reload4j-1.7.35.jar:/home/voltorane/Documents/University/Seminar/sys-micro-fractos-mock/zookeeper/zookeeper2/bin/../lib/slf4j-api-1.7.35.jar:/home/voltorane/Documents/University/Seminar/sys-micro-fractos-mock/zookeeper/zookeeper2/bin/../lib/simpleclient_servlet-0.9.0.jar:/home/voltorane/Documents/University/Seminar/sys-micro-fractos-mock/zookeeper/zookeeper2/bin/../lib/simpleclient_hotspot-0.9.0.jar:/home/voltorane/Documents/University/Seminar/sys-micro-fractos-mock/zookeeper/zookeeper2/bin/../lib/simpleclient_common-0.9.0.jar:/home/voltorane/Documents/University/Seminar/sys-micro-fractos-mock/zookeeper/zookeeper2/bin/../lib/simpleclient-0.9.0.jar:/home/voltorane/Documents/University/Seminar/sys-micro-fractos-mock/zookeeper/zookeeper2/bin/../lib/reload4j-1.2.19.jar:/home/voltorane/Documents/University/Seminar/sys-micro-fractos-mock/zookeeper/zookeeper2/bin/../lib/netty-transport-native-unix-common-4.1.76.Final.jar:/home/voltorane/Documents/University/Seminar/sys-micro-fractos-mock/zookeeper/zookeeper2/bin/../lib/netty-transport-native-epoll-4.1.76.Final.jar:/home/voltorane/Documents/University/Seminar/sys-micro-fractos-mock/zookeeper/zookeeper2/bin/../lib/netty-transport-classes-epoll-4.1.76.Final.jar:/home/voltorane/Documents/University/Seminar/sys-micro-fractos-mock/zookeeper/zookeeper2/bin/../lib/netty-transport-4.1.76.Final.jar:/home/voltorane/Documents/University/Seminar/sys-micro-fractos-mock/zookeeper/zookeeper2/bin/../lib/netty-resolver-4.1.76.Final.jar:/home/voltorane/Documents/University/Seminar/sys-micro-fractos-mock/zookeeper/zookeeper2/bin/../lib/netty-handler-4.1.76.Final.jar:/home/voltorane/Documents/University/Seminar/sys-micro-fractos-mock/zookeeper/zookeeper2/bin/../lib/netty-common-4.1.76.Final.jar:/home/voltorane/Documents/University/Seminar/sys-micro-fractos-mock/zookeeper/zookeeper2/bin/../lib/netty-codec-4.1.76.Final.jar:/home/voltorane/Documents/University/Seminar/sys-micro-fractos-mock/zookeeper/zookeeper2/bin/../lib/netty-buffer-4.1.76.Final.jar:/home/voltorane/Documents/University/Seminar/sys-micro-fractos-mock/zookeeper/zookeeper2/bin/../lib/metrics-core-4.1.12.1.jar:/home/voltorane/Documents/University/Seminar/sys-micro-fractos-mock/zookeeper/zookeeper2/bin/../lib/jline-2.14.6.jar:/home/voltorane/Documents/University/Seminar/sys-micro-fractos-mock/zookeeper/zookeeper2/bin/../lib/jetty-util-ajax-9.4.43.v20210629.jar:/home/voltorane/Documents/University/Seminar/sys-micro-fractos-mock/zookeeper/zookeeper2/bin/../lib/jetty-util-9.4.43.v20210629.jar:/home/voltorane/Documents/University/Seminar/sys-micro-fractos-mock/zookeeper/zookeeper2/bin/../lib/jetty-servlet-9.4.43.v20210629.jar:/home/voltorane/Documents/University/Seminar/sys-micro-fractos-mock/zookeeper/zookeeper2/bin/../lib/jetty-server-9.4.43.v20210629.jar:/home/voltorane/Documents/University/Seminar/sys-micro-fractos-mock/zookeeper/zookeeper2/bin/../lib/jetty-security-9.4.43.v20210629.jar:/home/voltorane/Documents/University/Seminar/sys-micro-fractos-mock/zookeeper/zookeeper2/bin/../lib/jetty-io-9.4.43.v20210629.jar:/home/voltorane/Documents/University/Seminar/sys-micro-fractos-mock/zookeeper/zookeeper2/bin/../lib/jetty-http-9.4.43.v20210629.jar:/home/voltorane/Documents/University/Seminar/sys-micro-fractos-mock/zookeeper/zookeeper2/bin/../lib/javax.servlet-api-3.1.0.jar:/home/voltorane/Documents/University/Seminar/sys-micro-fractos-mock/zookeeper/zookeeper2/bin/../lib/jackson-databind-2.13.2.1.jar:/home/voltorane/Documents/University/Seminar/sys-micro-fractos-mock/zookeeper/zookeeper2/bin/../lib/jackson-core-2.13.2.jar:/home/voltorane/Documents/University/Seminar/sys-micro-fractos-mock/zookeeper/zookeeper2/bin/../lib/jackson-annotations-2.13.2.jar:/home/voltorane/Documents/University/Seminar/sys-micro-fractos-mock/zookeeper/zookeeper2/bin/../lib/commons-cli-1.4.jar:/home/voltorane/Documents/University/Seminar/sys-micro-fractos-mock/zookeeper/zookeeper2/bin/../lib/audience-annotations-0.12.0.jar:/home/voltorane/Documents/University/Seminar/sys-micro-fractos-mock/zookeeper/zookeeper2/bin/../zookeeper-*.jar:/home/voltorane/Documents/University/Seminar/sys-micro-fractos-mock/zookeeper/zookeeper2/bin/../zookeeper-server/src/main/resources/lib/*.jar:/home/voltorane/Documents/University/Seminar/sys-micro-fractos-mock/zookeeper/zookeeper2/bin/../conf:
2022-06-28 13:57:32,300 [myid:2] - INFO  [main:Environment@98] - Server environment:java.library.path=/usr/java/packages/lib:/usr/lib/x86_64-linux-gnu/jni:/lib/x86_64-linux-gnu:/usr/lib/x86_64-linux-gnu:/usr/lib/jni:/lib:/usr/lib
2022-06-28 13:57:32,300 [myid:2] - INFO  [main:Environment@98] - Server environment:java.io.tmpdir=/tmp
2022-06-28 13:57:32,300 [myid:2] - INFO  [main:Environment@98] - Server environment:java.compiler=<NA>
2022-06-28 13:57:32,300 [myid:2] - INFO  [main:Environment@98] - Server environment:os.name=Linux
2022-06-28 13:57:32,300 [myid:2] - INFO  [main:Environment@98] - Server environment:os.arch=amd64
2022-06-28 13:57:32,300 [myid:2] - INFO  [main:Environment@98] - Server environment:os.version=5.13.0-48-generic
2022-06-28 13:57:32,300 [myid:2] - INFO  [main:Environment@98] - Server environment:user.name=voltorane
2022-06-28 13:57:32,300 [myid:2] - INFO  [main:Environment@98] - Server environment:user.home=/home/voltorane
2022-06-28 13:57:32,300 [myid:2] - INFO  [main:Environment@98] - Server environment:user.dir=/home/voltorane/Documents/University/Seminar/sys-micro-fractos-mock/zookeeper/zookeeper2/bin
2022-06-28 13:57:32,300 [myid:2] - INFO  [main:Environment@98] - Server environment:os.memory.free=106MB
2022-06-28 13:57:32,300 [myid:2] - INFO  [main:Environment@98] - Server environment:os.memory.max=1000MB
2022-06-28 13:57:32,300 [myid:2] - INFO  [main:Environment@98] - Server environment:os.memory.total=126MB
2022-06-28 13:57:32,301 [myid:2] - INFO  [main:ZooKeeperServer@138] - zookeeper.enableEagerACLCheck = false
2022-06-28 13:57:32,301 [myid:2] - INFO  [main:ZooKeeperServer@151] - zookeeper.digest.enabled = true
2022-06-28 13:57:32,301 [myid:2] - INFO  [main:ZooKeeperServer@155] - zookeeper.closeSessionTxn.enabled = true
2022-06-28 13:57:32,301 [myid:2] - INFO  [main:ZooKeeperServer@1505] - zookeeper.flushDelay=0
2022-06-28 13:57:32,301 [myid:2] - INFO  [main:ZooKeeperServer@1514] - zookeeper.maxWriteQueuePollTime=0
2022-06-28 13:57:32,301 [myid:2] - INFO  [main:ZooKeeperServer@1523] - zookeeper.maxBatchSize=1000
2022-06-28 13:57:32,301 [myid:2] - INFO  [main:ZooKeeperServer@260] - zookeeper.intBufferStartingSizeBytes = 1024
2022-06-28 13:57:32,303 [myid:2] - INFO  [main:WatchManagerFactory@42] - Using org.apache.zookeeper.server.watch.WatchManager as watch manager
2022-06-28 13:57:32,304 [myid:2] - INFO  [main:WatchManagerFactory@42] - Using org.apache.zookeeper.server.watch.WatchManager as watch manager
2022-06-28 13:57:32,304 [myid:2] - INFO  [main:ZKDatabase@133] - zookeeper.snapshotSizeFactor = 0.33
2022-06-28 13:57:32,304 [myid:2] - INFO  [main:ZKDatabase@153] - zookeeper.commitLogCount=500
2022-06-28 13:57:32,308 [myid:2] - INFO  [main:QuorumPeer@2071] - Using insecure (non-TLS) quorum communication
2022-06-28 13:57:32,308 [myid:2] - INFO  [main:QuorumPeer@2077] - Port unification disabled
2022-06-28 13:57:32,308 [myid:2] - INFO  [main:QuorumPeer@180] - multiAddress.enabled set to false
2022-06-28 13:57:32,308 [myid:2] - INFO  [main:QuorumPeer@205] - multiAddress.reachabilityCheckEnabled set to true
2022-06-28 13:57:32,308 [myid:2] - INFO  [main:QuorumPeer@192] - multiAddress.reachabilityCheckTimeoutMs set to 1000
2022-06-28 13:57:32,308 [myid:2] - INFO  [main:QuorumPeer@2532] - QuorumPeer communication is not secured! (SASL auth disabled)
2022-06-28 13:57:32,309 [myid:2] - INFO  [main:QuorumPeer@2557] - quorum.cnxn.threads.size set to 20
2022-06-28 13:57:32,311 [myid:2] - INFO  [main:SnapStream@61] - zookeeper.snapshot.compression.method = CHECKED
2022-06-28 13:57:32,311 [myid:2] - INFO  [main:FileSnap@85] - Reading snapshot /home/voltorane/Documents/University/Seminar/sys-micro-fractos-mock/zookeeper/zookeeper2/data2/version-2/snapshot.200000002
2022-06-28 13:57:32,313 [myid:2] - INFO  [main:DataTree@1709] - The digest in the snapshot has digest version of 2, , with zxid as 0x200000002, and digest value as 1371985504
2022-06-28 13:57:32,319 [myid:2] - INFO  [main:ZKAuditProvider@42] - ZooKeeper audit is disabled.
2022-06-28 13:57:32,321 [myid:2] - INFO  [main:FileTxnSnapLog@372] - 25 txns loaded in 5 ms
2022-06-28 13:57:32,321 [myid:2] - INFO  [main:ZKDatabase@290] - Snapshot loaded in 13 ms, highest zxid is 0x300000019, digest is 14685160855
2022-06-28 13:57:32,324 [myid:2] - INFO  [main:Server@375] - jetty-9.4.43.v20210629; built: 2021-06-30T11:07:22.254Z; git: 526006ecfa3af7f1a27ef3a288e2bef7ea9dd7e8; jvm 17.0.3+7-Ubuntu-0ubuntu0.20.04.1
2022-06-28 13:57:32,344 [myid:2] - INFO  [main:DefaultSessionIdManager@334] - DefaultSessionIdManager workerName=node0
2022-06-28 13:57:32,344 [myid:2] - INFO  [main:DefaultSessionIdManager@339] - No SessionScavenger set, using defaults
2022-06-28 13:57:32,345 [myid:2] - INFO  [main:HouseKeeper@132] - node0 Scavenging every 660000ms
2022-06-28 13:57:32,347 [myid:2] - WARN  [main:ConstraintSecurityHandler@759] - ServletContext@o.e.j.s.ServletContextHandler@692f203f{/,null,STARTING} has uncovered http methods for path: /*
2022-06-28 13:57:32,353 [myid:2] - INFO  [main:ContextHandler@915] - Started o.e.j.s.ServletContextHandler@692f203f{/,null,AVAILABLE}
2022-06-28 13:57:32,354 [myid:2] - WARN  [main:QuorumPeer@1136] - Problem starting AdminServer
org.apache.zookeeper.server.admin.AdminServer$AdminServerException: Problem starting AdminServer on address 0.0.0.0, port 8080 and command URL /commands
	at org.apache.zookeeper.server.admin.JettyAdminServer.start(JettyAdminServer.java:188)
	at org.apache.zookeeper.server.quorum.QuorumPeer.start(QuorumPeer.java:1134)
	at org.apache.zookeeper.server.quorum.QuorumPeerMain.runFromConfig(QuorumPeerMain.java:229)
	at org.apache.zookeeper.server.quorum.QuorumPeerMain.initializeAndRun(QuorumPeerMain.java:137)
	at org.apache.zookeeper.server.quorum.QuorumPeerMain.main(QuorumPeerMain.java:91)
Caused by: java.io.IOException: Failed to bind to /0.0.0.0:8080
	at org.eclipse.jetty.server.ServerConnector.openAcceptChannel(ServerConnector.java:349)
	at org.eclipse.jetty.server.ServerConnector.open(ServerConnector.java:310)
	at org.eclipse.jetty.server.AbstractNetworkConnector.doStart(AbstractNetworkConnector.java:80)
	at org.eclipse.jetty.server.ServerConnector.doStart(ServerConnector.java:234)
	at org.eclipse.jetty.util.component.AbstractLifeCycle.start(AbstractLifeCycle.java:73)
	at org.eclipse.jetty.server.Server.doStart(Server.java:401)
	at org.eclipse.jetty.util.component.AbstractLifeCycle.start(AbstractLifeCycle.java:73)
	at org.apache.zookeeper.server.admin.JettyAdminServer.start(JettyAdminServer.java:179)
	... 4 more
Caused by: java.net.BindException: Address already in use
	at java.base/sun.nio.ch.Net.bind0(Native Method)
	at java.base/sun.nio.ch.Net.bind(Net.java:555)
	at java.base/sun.nio.ch.ServerSocketChannelImpl.netBind(ServerSocketChannelImpl.java:337)
	at java.base/sun.nio.ch.ServerSocketChannelImpl.bind(ServerSocketChannelImpl.java:294)
	at java.base/sun.nio.ch.ServerSocketAdaptor.bind(ServerSocketAdaptor.java:89)
	at org.eclipse.jetty.server.ServerConnector.openAcceptChannel(ServerConnector.java:344)
	... 11 more
2022-06-28 13:57:32,355 [myid:2] - INFO  [main:QuorumPeer@2574] - Using 10000ms as the quorum cnxn socket timeout
2022-06-28 13:57:32,359 [myid:2] - INFO  [main:QuorumCnxManager$Listener@924] - Election port bind maximum retries is 3
2022-06-28 13:57:32,360 [myid:2] - INFO  [main:FastLeaderElection@89] - zookeeper.fastleader.minNotificationInterval=200
2022-06-28 13:57:32,360 [myid:2] - INFO  [main:FastLeaderElection@91] - zookeeper.fastleader.maxNotificationInterval=60000
2022-06-28 13:57:32,361 [myid:2] - INFO  [ListenerHandler-localhost/127.0.0.1:3889:QuorumCnxManager$Listener$ListenerHandler@1071] - 2 is accepting connections now, my election bind port: localhost/127.0.0.1:3889
2022-06-28 13:57:32,364 [myid:2] - INFO  [QuorumPeer[myid=2](plain=[0:0:0:0:0:0:0:0]:2185)(secure=disabled):QuorumPeer@1438] - LOOKING
2022-06-28 13:57:32,365 [myid:2] - INFO  [QuorumPeer[myid=2](plain=[0:0:0:0:0:0:0:0]:2185)(secure=disabled):FastLeaderElection@945] - New election. My id = 2, proposed zxid=0x300000019
2022-06-28 13:57:32,368 [myid:2] - INFO  [WorkerReceiver[myid=2]:FastLeaderElection$Messenger$WorkerReceiver@390] - Notification: my state:LOOKING; n.sid:2, n.state:LOOKING, n.leader:2, n.round:0x1, n.peerEpoch:0x3, n.zxid:0x300000019, message format version:0x2, n.config version:0x0
2022-06-28 13:57:32,370 [myid:2] - WARN  [QuorumConnectionThread-[myid=2]-2:QuorumCnxManager@401] - Cannot open channel to 3 at election address localhost/127.0.0.1:3890
java.net.ConnectException: Connection refused
	at java.base/sun.nio.ch.Net.pollConnect(Native Method)
	at java.base/sun.nio.ch.Net.pollConnectNow(Net.java:672)
	at java.base/sun.nio.ch.NioSocketImpl.timedFinishConnect(NioSocketImpl.java:542)
	at java.base/sun.nio.ch.NioSocketImpl.connect(NioSocketImpl.java:597)
	at java.base/java.net.SocksSocketImpl.connect(SocksSocketImpl.java:327)
	at java.base/java.net.Socket.connect(Socket.java:633)
	at org.apache.zookeeper.server.quorum.QuorumCnxManager.initiateConnection(QuorumCnxManager.java:384)
	at org.apache.zookeeper.server.quorum.QuorumCnxManager$QuorumConnectionReqThread.run(QuorumCnxManager.java:458)
	at java.base/java.util.concurrent.ThreadPoolExecutor.runWorker(ThreadPoolExecutor.java:1136)
	at java.base/java.util.concurrent.ThreadPoolExecutor$Worker.run(ThreadPoolExecutor.java:635)
	at java.base/java.lang.Thread.run(Thread.java:833)
2022-06-28 13:57:32,372 [myid:2] - INFO  [WorkerReceiver[myid=2]:FastLeaderElection$Messenger$WorkerReceiver@390] - Notification: my state:LOOKING; n.sid:1, n.state:LOOKING, n.leader:1, n.round:0x1, n.peerEpoch:0x3, n.zxid:0x300000019, message format version:0x2, n.config version:0x0
2022-06-28 13:57:32,373 [myid:2] - INFO  [WorkerReceiver[myid=2]:FastLeaderElection$Messenger$WorkerReceiver@390] - Notification: my state:LOOKING; n.sid:1, n.state:LOOKING, n.leader:2, n.round:0x1, n.peerEpoch:0x3, n.zxid:0x300000019, message format version:0x2, n.config version:0x0
2022-06-28 13:57:32,574 [myid:2] - INFO  [QuorumPeer[myid=2](plain=[0:0:0:0:0:0:0:0]:2185)(secure=disabled):QuorumPeer@902] - Peer state changed: leading
2022-06-28 13:57:32,576 [myid:2] - INFO  [QuorumPeer[myid=2](plain=[0:0:0:0:0:0:0:0]:2185)(secure=disabled):QuorumPeer@1532] - LEADING
2022-06-28 13:57:32,587 [myid:2] - INFO  [QuorumPeer[myid=2](plain=[0:0:0:0:0:0:0:0]:2185)(secure=disabled):LearnerMaster@47] - zookeeper.leader.maxConcurrentSnapSyncs = 10
2022-06-28 13:57:32,587 [myid:2] - INFO  [QuorumPeer[myid=2](plain=[0:0:0:0:0:0:0:0]:2185)(secure=disabled):LearnerMaster@50] - zookeeper.leader.maxConcurrentDiffSyncs = 100
2022-06-28 13:57:32,588 [myid:2] - INFO  [QuorumPeer[myid=2](plain=[0:0:0:0:0:0:0:0]:2185)(secure=disabled):Leader@87] - TCP NoDelay set to: true
2022-06-28 13:57:32,588 [myid:2] - INFO  [QuorumPeer[myid=2](plain=[0:0:0:0:0:0:0:0]:2185)(secure=disabled):Leader@108] - zookeeper.leader.ackLoggingFrequency = 1000
2022-06-28 13:57:32,589 [myid:2] - INFO  [QuorumPeer[myid=2](plain=[0:0:0:0:0:0:0:0]:2185)(secure=disabled):Leader@1345] - zookeeper.leader.maxTimeToWaitForEpoch = -1ms
2022-06-28 13:57:32,598 [myid:2] - INFO  [QuorumPeer[myid=2](plain=[0:0:0:0:0:0:0:0]:2185)(secure=disabled):BlueThrottle@141] - Weighed connection throttling is disabled
2022-06-28 13:57:32,601 [myid:2] - INFO  [QuorumPeer[myid=2](plain=[0:0:0:0:0:0:0:0]:2185)(secure=disabled):ZooKeeperServer@1306] - minSessionTimeout set to 4000
2022-06-28 13:57:32,602 [myid:2] - INFO  [QuorumPeer[myid=2](plain=[0:0:0:0:0:0:0:0]:2185)(secure=disabled):ZooKeeperServer@1315] - maxSessionTimeout set to 40000
2022-06-28 13:57:32,605 [myid:2] - INFO  [QuorumPeer[myid=2](plain=[0:0:0:0:0:0:0:0]:2185)(secure=disabled):ResponseCache@45] - getData response cache size is initialized with value 400.
2022-06-28 13:57:32,606 [myid:2] - INFO  [QuorumPeer[myid=2](plain=[0:0:0:0:0:0:0:0]:2185)(secure=disabled):ResponseCache@45] - getChildren response cache size is initialized with value 400.
2022-06-28 13:57:32,607 [myid:2] - INFO  [QuorumPeer[myid=2](plain=[0:0:0:0:0:0:0:0]:2185)(secure=disabled):RequestPathMetricsCollector@109] - zookeeper.pathStats.slotCapacity = 60
2022-06-28 13:57:32,608 [myid:2] - INFO  [QuorumPeer[myid=2](plain=[0:0:0:0:0:0:0:0]:2185)(secure=disabled):RequestPathMetricsCollector@110] - zookeeper.pathStats.slotDuration = 15
2022-06-28 13:57:32,608 [myid:2] - INFO  [QuorumPeer[myid=2](plain=[0:0:0:0:0:0:0:0]:2185)(secure=disabled):RequestPathMetricsCollector@111] - zookeeper.pathStats.maxDepth = 6
2022-06-28 13:57:32,608 [myid:2] - INFO  [QuorumPeer[myid=2](plain=[0:0:0:0:0:0:0:0]:2185)(secure=disabled):RequestPathMetricsCollector@112] - zookeeper.pathStats.initialDelay = 5
2022-06-28 13:57:32,608 [myid:2] - INFO  [QuorumPeer[myid=2](plain=[0:0:0:0:0:0:0:0]:2185)(secure=disabled):RequestPathMetricsCollector@113] - zookeeper.pathStats.delay = 5
2022-06-28 13:57:32,608 [myid:2] - INFO  [QuorumPeer[myid=2](plain=[0:0:0:0:0:0:0:0]:2185)(secure=disabled):RequestPathMetricsCollector@114] - zookeeper.pathStats.enabled = false
2022-06-28 13:57:32,610 [myid:2] - INFO  [QuorumPeer[myid=2](plain=[0:0:0:0:0:0:0:0]:2185)(secure=disabled):ZooKeeperServer@1542] - The max bytes for all large requests are set to 104857600
2022-06-28 13:57:32,610 [myid:2] - INFO  [QuorumPeer[myid=2](plain=[0:0:0:0:0:0:0:0]:2185)(secure=disabled):ZooKeeperServer@1556] - The large request threshold is set to -1
2022-06-28 13:57:32,611 [myid:2] - INFO  [QuorumPeer[myid=2](plain=[0:0:0:0:0:0:0:0]:2185)(secure=disabled):AuthenticationHelper@66] - zookeeper.enforce.auth.enabled = false
2022-06-28 13:57:32,611 [myid:2] - INFO  [QuorumPeer[myid=2](plain=[0:0:0:0:0:0:0:0]:2185)(secure=disabled):AuthenticationHelper@67] - zookeeper.enforce.auth.schemes = []
2022-06-28 13:57:32,611 [myid:2] - INFO  [QuorumPeer[myid=2](plain=[0:0:0:0:0:0:0:0]:2185)(secure=disabled):ZooKeeperServer@361] - Created server with tickTime 2000 minSessionTimeout 4000 maxSessionTimeout 40000 clientPortListenBacklog -1 datadir /home/voltorane/Documents/University/Seminar/sys-micro-fractos-mock/zookeeper/zookeeper2/data2/version-2 snapdir /home/voltorane/Documents/University/Seminar/sys-micro-fractos-mock/zookeeper/zookeeper2/data2/version-2
2022-06-28 13:57:32,615 [myid:2] - INFO  [QuorumPeer[myid=2](plain=[0:0:0:0:0:0:0:0]:2185)(secure=disabled):Leader@584] - LEADING - LEADER ELECTION TOOK - 251 MS
2022-06-28 13:57:32,619 [myid:2] - INFO  [QuorumPeer[myid=2](plain=[0:0:0:0:0:0:0:0]:2185)(secure=disabled):QuorumPeer@916] - Peer state changed: leading - discovery
2022-06-28 13:57:32,620 [myid:2] - INFO  [QuorumPeer[myid=2](plain=[0:0:0:0:0:0:0:0]:2185)(secure=disabled):FileTxnSnapLog@479] - Snapshotting: 0x300000019 to /home/voltorane/Documents/University/Seminar/sys-micro-fractos-mock/zookeeper/zookeeper2/data2/version-2/snapshot.300000019
2022-06-28 13:57:32,621 [myid:2] - INFO  [QuorumPeer[myid=2](plain=[0:0:0:0:0:0:0:0]:2185)(secure=disabled):ZooKeeperServer@543] - Snapshot taken in 1 ms
2022-06-28 13:57:32,626 [myid:2] - INFO  [LearnerCnxAcceptorHandler-localhost/127.0.0.1:2889:LearnerHandler@75] - zookeeper.leader.closeSocketAsync = false
2022-06-28 13:57:32,629 [myid:2] - INFO  [LearnerHandler-/127.0.0.1:39594:LearnerHandler@509] - Follower sid: 1 : info : localhost:2888:3888:participant
2022-06-28 13:57:32,635 [myid:2] - INFO  [QuorumPeer[myid=2](plain=[0:0:0:0:0:0:0:0]:2185)(secure=disabled):QuorumPeer@1875] - Dynamic reconfig is disabled, we don't store the last seen config.
2022-06-28 13:57:32,639 [myid:2] - INFO  [LearnerHandler-/127.0.0.1:39594:ZKDatabase@346] - On disk txn sync enabled with snapshotSizeFactor 0.33
2022-06-28 13:57:32,639 [myid:2] - INFO  [LearnerHandler-/127.0.0.1:39594:LearnerHandler@804] - Synchronizing with Learner sid: 1 maxCommittedLog=0x300000019 minCommittedLog=0x300000001 lastProcessedZxid=0x300000019 peerLastZxid=0x300000019
2022-06-28 13:57:32,639 [myid:2] - INFO  [LearnerHandler-/127.0.0.1:39594:LearnerHandler@849] - Sending DIFF zxid=0x300000019 for peer sid: 1
2022-06-28 13:57:32,642 [myid:2] - INFO  [QuorumPeer[myid=2](plain=[0:0:0:0:0:0:0:0]:2185)(secure=disabled):QuorumPeer@916] - Peer state changed: leading - synchronization
2022-06-28 13:57:32,663 [myid:2] - INFO  [QuorumPeer[myid=2](plain=[0:0:0:0:0:0:0:0]:2185)(secure=disabled):Leader@1495] - Have quorum of supporters, sids: [[1, 2]]; starting up and setting last processed zxid: 0x400000000
2022-06-28 13:57:32,663 [myid:2] - INFO  [QuorumPeer[myid=2](plain=[0:0:0:0:0:0:0:0]:2185)(secure=disabled):Leader@1517] - Dynamic reconfig feature is disabled, skip designatedLeader calculation and reconfig processing.
2022-06-28 13:57:32,668 [myid:2] - INFO  [QuorumPeer[myid=2](plain=[0:0:0:0:0:0:0:0]:2185)(secure=disabled):CommitProcessor@491] - Configuring CommitProcessor with readBatchSize -1 commitBatchSize 1
2022-06-28 13:57:32,668 [myid:2] - INFO  [QuorumPeer[myid=2](plain=[0:0:0:0:0:0:0:0]:2185)(secure=disabled):CommitProcessor@452] - Configuring CommitProcessor with 8 worker threads.
2022-06-28 13:57:32,670 [myid:2] - INFO  [QuorumPeer[myid=2](plain=[0:0:0:0:0:0:0:0]:2185)(secure=disabled):ProposalRequestProcessor@57] - zookeeper.forward_learner_requests_to_commit_processor_disabled = false
2022-06-28 13:57:32,672 [myid:2] - INFO  [ProcessThread(sid:2 cport:-1)::PrepRequestProcessor@137] - PrepRequestProcessor (sid:2) started, reconfigEnabled=false
2022-06-28 13:57:32,673 [myid:2] - INFO  [QuorumPeer[myid=2](plain=[0:0:0:0:0:0:0:0]:2185)(secure=disabled):ContainerManager@84] - Using checkIntervalMs=60000 maxPerMinute=10000 maxNeverUsedIntervalMs=0
2022-06-28 13:57:32,674 [myid:2] - INFO  [QuorumPeer[myid=2](plain=[0:0:0:0:0:0:0:0]:2185)(secure=disabled):RequestThrottler@75] - zookeeper.request_throttler.shutdownTimeout = 10000
2022-06-28 13:57:32,684 [myid:2] - INFO  [QuorumPeer[myid=2](plain=[0:0:0:0:0:0:0:0]:2185)(secure=disabled):QuorumPeer@916] - Peer state changed: leading - broadcast
2022-06-28 13:57:49,255 [myid:2] - INFO  [SyncThread:2:FileTxnLog@284] - Creating new log file: log.400000001
2022-06-28 13:57:49,267 [myid:2] - INFO  [CommitProcessor:2:LeaderSessionTracker@104] - Committing global session 0x10019d479bc0000
2022-06-28 13:58:03,447 [myid:2] - INFO  [SessionTracker:ZooKeeperServer@628] - Expiring session 0x20019ab64740000, timeout of 30000ms exceeded
2022-06-28 13:58:03,448 [myid:2] - INFO  [SessionTracker:ZooKeeperServer@628] - Expiring session 0x10019ab64610000, timeout of 30000ms exceeded
2022-06-28 13:58:03,449 [myid:2] - INFO  [RequestThrottler:QuorumZooKeeperServer@163] - Submitting global closeSession request for session 0x20019ab64740000
2022-06-28 13:58:03,449 [myid:2] - INFO  [SessionTracker:ZooKeeperServer@628] - Expiring session 0x10019b4fc9a0000, timeout of 30000ms exceeded
2022-06-28 13:58:03,450 [myid:2] - INFO  [SessionTracker:ZooKeeperServer@628] - Expiring session 0x20019b4fcb10000, timeout of 30000ms exceeded
2022-06-28 13:58:03,450 [myid:2] - INFO  [RequestThrottler:QuorumZooKeeperServer@163] - Submitting global closeSession request for session 0x10019ab64610000
2022-06-28 13:58:03,451 [myid:2] - INFO  [RequestThrottler:QuorumZooKeeperServer@163] - Submitting global closeSession request for session 0x10019b4fc9a0000
2022-06-28 13:58:03,451 [myid:2] - INFO  [RequestThrottler:QuorumZooKeeperServer@163] - Submitting global closeSession request for session 0x20019b4fcb10000
2022-06-28 13:58:18,036 [myid:2] - INFO  [ListenerHandler-localhost/127.0.0.1:3889:QuorumCnxManager$Listener$ListenerHandler@1076] - Received connection request from /127.0.0.1:39624
2022-06-28 13:58:18,039 [myid:2] - INFO  [WorkerReceiver[myid=2]:FastLeaderElection$Messenger$WorkerReceiver@390] - Notification: my state:LEADING; n.sid:3, n.state:LOOKING, n.leader:3, n.round:0x1, n.peerEpoch:0x1, n.zxid:0x100000006, message format version:0x2, n.config version:0x0
2022-06-28 13:58:18,043 [myid:2] - INFO  [WorkerReceiver[myid=2]:FastLeaderElection$Messenger$WorkerReceiver@390] - Notification: my state:LEADING; n.sid:3, n.state:LOOKING, n.leader:2, n.round:0x1, n.peerEpoch:0x3, n.zxid:0x300000019, message format version:0x2, n.config version:0x0
2022-06-28 13:58:18,061 [myid:2] - INFO  [LearnerHandler-/127.0.0.1:39596:LearnerHandler@509] - Follower sid: 3 : info : localhost:2890:3890:participant
2022-06-28 13:58:18,066 [myid:2] - INFO  [LearnerHandler-/127.0.0.1:39596:ZKDatabase@346] - On disk txn sync enabled with snapshotSizeFactor 0.33
2022-06-28 13:58:18,066 [myid:2] - INFO  [LearnerHandler-/127.0.0.1:39596:LearnerHandler@804] - Synchronizing with Learner sid: 3 maxCommittedLog=0x400000006 minCommittedLog=0x300000001 lastProcessedZxid=0x400000006 peerLastZxid=0x100000006
2022-06-28 13:58:18,067 [myid:2] - INFO  [LearnerHandler-/127.0.0.1:39596:ZKDatabase@398] - Txnlog size: 134217760 exceeds sizeLimit: 342
2022-06-28 13:58:18,068 [myid:2] - INFO  [LearnerHandler-/127.0.0.1:39596:LearnerHandler@571] - Sending snapshot last zxid of peer is 0x100000006, zxid of leader is 0x400000006, send zxid of db as 0x400000006, 1 concurrent snapshot sync, snapshot sync was exempt from throttle
2022-06-28 13:58:37,823 [myid:2] - INFO  [CommitProcessor:2:LeaderSessionTracker@104] - Committing global session 0x30019d52b300000
2022-06-28 13:59:01,447 [myid:2] - INFO  [SessionTracker:ZooKeeperServer@628] - Expiring session 0x30019d52b300000, timeout of 10000ms exceeded
2022-06-28 13:59:01,448 [myid:2] - INFO  [RequestThrottler:QuorumZooKeeperServer@163] - Submitting global closeSession request for session 0x30019d52b300000
2022-06-28 13:59:30,789 [myid:2] - INFO  [CommitProcessor:2:LeaderSessionTracker@104] - Committing global session 0x30019d52b300001
2022-06-28 13:59:30,802 [myid:2] - INFO  [CommitProcessor:2:LeaderSessionTracker@104] - Committing global session 0x30019d52b300002
2022-06-28 13:59:55,445 [myid:2] - INFO  [CommitProcessor:2:LeaderSessionTracker@104] - Committing global session 0x20019d479d10000
2022-06-28 14:00:57,426 [myid:2] - WARN  [NIOWorkerThread-15:NIOServerCnxn@371] - Unexpected exception
EndOfStreamException: Unable to read additional data from client, it probably closed the socket: address = /127.0.0.1:52528, session = 0x20019d479d10000
	at org.apache.zookeeper.server.NIOServerCnxn.handleFailedRead(NIOServerCnxn.java:170)
	at org.apache.zookeeper.server.NIOServerCnxn.doIO(NIOServerCnxn.java:333)
	at org.apache.zookeeper.server.NIOServerCnxnFactory$IOWorkRequest.doWork(NIOServerCnxnFactory.java:508)
	at org.apache.zookeeper.server.WorkerService$ScheduledWorkRequest.run(WorkerService.java:154)
	at java.base/java.util.concurrent.ThreadPoolExecutor.runWorker(ThreadPoolExecutor.java:1136)
	at java.base/java.util.concurrent.ThreadPoolExecutor$Worker.run(ThreadPoolExecutor.java:635)
	at java.base/java.lang.Thread.run(Thread.java:833)
2022-06-28 14:01:05,447 [myid:2] - INFO  [SessionTracker:ZooKeeperServer@628] - Expiring session 0x20019d479d10000, timeout of 10000ms exceeded
2022-06-28 14:01:05,447 [myid:2] - INFO  [RequestThrottler:QuorumZooKeeperServer@163] - Submitting global closeSession request for session 0x20019d479d10000
2022-06-28 14:01:34,315 [myid:2] - INFO  [CommitProcessor:2:LeaderSessionTracker@104] - Committing global session 0x10019d479bc0001
2022-06-28 14:01:53,259 [myid:2] - INFO  [CommitProcessor:2:LeaderSessionTracker@104] - Committing global session 0x20019d479d10001
2022-06-28 14:02:00,631 [myid:2] - INFO  [CommitProcessor:2:LeaderSessionTracker@104] - Committing global session 0x30019d52b300003
2022-06-28 14:02:05,108 [myid:2] - INFO  [CommitProcessor:2:LeaderSessionTracker@104] - Committing global session 0x20019d479d10002
2022-06-28 14:04:05,993 [myid:2] - WARN  [NIOWorkerThread-12:NIOServerCnxn@371] - Unexpected exception
EndOfStreamException: Unable to read additional data from client, it probably closed the socket: address = /127.0.0.1:52532, session = 0x20019d479d10002
	at org.apache.zookeeper.server.NIOServerCnxn.handleFailedRead(NIOServerCnxn.java:170)
	at org.apache.zookeeper.server.NIOServerCnxn.doIO(NIOServerCnxn.java:333)
	at org.apache.zookeeper.server.NIOServerCnxnFactory$IOWorkRequest.doWork(NIOServerCnxnFactory.java:508)
	at org.apache.zookeeper.server.WorkerService$ScheduledWorkRequest.run(WorkerService.java:154)
	at java.base/java.util.concurrent.ThreadPoolExecutor.runWorker(ThreadPoolExecutor.java:1136)
	at java.base/java.util.concurrent.ThreadPoolExecutor$Worker.run(ThreadPoolExecutor.java:635)
	at java.base/java.lang.Thread.run(Thread.java:833)
2022-06-28 14:04:11,447 [myid:2] - INFO  [SessionTracker:ZooKeeperServer@628] - Expiring session 0x30019d52b300002, timeout of 10000ms exceeded
2022-06-28 14:04:11,448 [myid:2] - INFO  [SessionTracker:ZooKeeperServer@628] - Expiring session 0x10019d479bc0000, timeout of 10000ms exceeded
2022-06-28 14:04:11,448 [myid:2] - INFO  [RequestThrottler:QuorumZooKeeperServer@163] - Submitting global closeSession request for session 0x30019d52b300002
2022-06-28 14:04:11,449 [myid:2] - INFO  [RequestThrottler:QuorumZooKeeperServer@163] - Submitting global closeSession request for session 0x10019d479bc0000
2022-06-28 14:04:13,448 [myid:2] - INFO  [SessionTracker:ZooKeeperServer@628] - Expiring session 0x30019d52b300001, timeout of 10000ms exceeded
2022-06-28 14:04:13,448 [myid:2] - INFO  [RequestThrottler:QuorumZooKeeperServer@163] - Submitting global closeSession request for session 0x30019d52b300001
2022-06-28 14:04:15,447 [myid:2] - INFO  [SessionTracker:ZooKeeperServer@628] - Expiring session 0x20019d479d10002, timeout of 10000ms exceeded
2022-06-28 14:04:15,448 [myid:2] - INFO  [RequestThrottler:QuorumZooKeeperServer@163] - Submitting global closeSession request for session 0x20019d479d10002
2022-06-28 14:06:45,447 [myid:2] - INFO  [SessionTracker:ZooKeeperServer@628] - Expiring session 0x10019d479bc0001, timeout of 30000ms exceeded
2022-06-28 14:06:45,448 [myid:2] - INFO  [RequestThrottler:QuorumZooKeeperServer@163] - Submitting global closeSession request for session 0x10019d479bc0001
2022-06-28 14:07:03,980 [myid:2] - INFO  [CommitProcessor:2:LeaderSessionTracker@104] - Committing global session 0x10019d479bc0002
2022-06-28 14:07:12,855 [myid:2] - INFO  [CommitProcessor:2:LeaderSessionTracker@104] - Committing global session 0x10019d479bc0003
2022-06-28 14:07:55,447 [myid:2] - INFO  [SessionTracker:ZooKeeperServer@628] - Expiring session 0x10019d479bc0003, timeout of 10000ms exceeded
2022-06-28 14:07:55,448 [myid:2] - INFO  [RequestThrottler:QuorumZooKeeperServer@163] - Submitting global closeSession request for session 0x10019d479bc0003
2022-06-28 14:08:07,188 [myid:2] - INFO  [CommitProcessor:2:LeaderSessionTracker@104] - Committing global session 0x10019d479bc0004
2022-06-28 14:08:11,160 [myid:2] - INFO  [CommitProcessor:2:LeaderSessionTracker@104] - Committing global session 0x10019d479bc0005
2022-06-28 14:08:15,447 [myid:2] - INFO  [SessionTracker:ZooKeeperServer@628] - Expiring session 0x10019d479bc0002, timeout of 30000ms exceeded
2022-06-28 14:08:15,448 [myid:2] - INFO  [RequestThrottler:QuorumZooKeeperServer@163] - Submitting global closeSession request for session 0x10019d479bc0002
2022-06-28 14:09:07,447 [myid:2] - INFO  [SessionTracker:ZooKeeperServer@628] - Expiring session 0x10019d479bc0005, timeout of 10000ms exceeded
2022-06-28 14:09:07,448 [myid:2] - INFO  [RequestThrottler:QuorumZooKeeperServer@163] - Submitting global closeSession request for session 0x10019d479bc0005
2022-06-28 14:15:42,481 [myid:2] - INFO  [CommitProcessor:2:LeaderSessionTracker@104] - Committing global session 0x10019d479bc0006
2022-06-28 14:16:03,447 [myid:2] - INFO  [SessionTracker:ZooKeeperServer@628] - Expiring session 0x10019d479bc0006, timeout of 10000ms exceeded
2022-06-28 14:16:03,448 [myid:2] - INFO  [RequestThrottler:QuorumZooKeeperServer@163] - Submitting global closeSession request for session 0x10019d479bc0006
2022-06-28 14:16:13,100 [myid:2] - INFO  [CommitProcessor:2:LeaderSessionTracker@104] - Committing global session 0x10019d479bc0007
2022-06-28 14:16:33,447 [myid:2] - INFO  [SessionTracker:ZooKeeperServer@628] - Expiring session 0x10019d479bc0007, timeout of 10000ms exceeded
2022-06-28 14:16:33,448 [myid:2] - INFO  [RequestThrottler:QuorumZooKeeperServer@163] - Submitting global closeSession request for session 0x10019d479bc0007
2022-06-28 14:18:37,199 [myid:2] - INFO  [CommitProcessor:2:LeaderSessionTracker@104] - Committing global session 0x10019d479bc0008
2022-06-28 14:18:43,178 [myid:2] - INFO  [CommitProcessor:2:LeaderSessionTracker@104] - Committing global session 0x10019d479bc0009
2022-06-28 14:21:47,232 [myid:2] - INFO  [CommitProcessor:2:LeaderSessionTracker@104] - Committing global session 0x10019d479bc000a
2022-06-28 14:21:49,448 [myid:2] - INFO  [SessionTracker:ZooKeeperServer@628] - Expiring session 0x10019d479bc0009, timeout of 10000ms exceeded
2022-06-28 14:21:49,448 [myid:2] - INFO  [SessionTracker:ZooKeeperServer@628] - Expiring session 0x10019d479bc0008, timeout of 10000ms exceeded
2022-06-28 14:21:49,448 [myid:2] - INFO  [RequestThrottler:QuorumZooKeeperServer@163] - Submitting global closeSession request for session 0x10019d479bc0009
2022-06-28 14:21:49,449 [myid:2] - INFO  [RequestThrottler:QuorumZooKeeperServer@163] - Submitting global closeSession request for session 0x10019d479bc0008
2022-06-28 14:21:54,688 [myid:2] - INFO  [CommitProcessor:2:LeaderSessionTracker@104] - Committing global session 0x10019d479bc000b
2022-06-28 14:22:15,448 [myid:2] - INFO  [SessionTracker:ZooKeeperServer@628] - Expiring session 0x10019d479bc000a, timeout of 10000ms exceeded
2022-06-28 14:22:15,449 [myid:2] - INFO  [RequestThrottler:QuorumZooKeeperServer@163] - Submitting global closeSession request for session 0x10019d479bc000a
2022-06-28 14:22:17,448 [myid:2] - INFO  [SessionTracker:ZooKeeperServer@628] - Expiring session 0x10019d479bc000b, timeout of 10000ms exceeded
2022-06-28 14:22:17,448 [myid:2] - INFO  [RequestThrottler:QuorumZooKeeperServer@163] - Submitting global closeSession request for session 0x10019d479bc000b
